Determining if the include file conio.h exists failed with the following output:
Change Dir: /Users/csvoss/Repositories/biosynthesis/emscripten-experiment/openbabel/embuild/CMakeFiles/CMakeTmp

Run Build Command:"/usr/bin/make" "cmTC_d997d/fast"
/Library/Developer/CommandLineTools/usr/bin/make -f CMakeFiles/cmTC_d997d.dir/build.make CMakeFiles/cmTC_d997d.dir/build
Building C object CMakeFiles/cmTC_d997d.dir/CheckIncludeFile.c.o
/Users/csvoss/Repositories/emsdk-portable/emscripten/1.37.34/emcc    -s ERROR_ON_UNDEFINED_SYMBOLS=1   -o CMakeFiles/cmTC_d997d.dir/CheckIncludeFile.c.o   -c /Users/csvoss/Repositories/biosynthesis/emscripten-experiment/openbabel/embuild/CMakeFiles/CMakeTmp/CheckIncludeFile.c
/Users/csvoss/Repositories/biosynthesis/emscripten-experiment/openbabel/embuild/CMakeFiles/CMakeTmp/CheckIncludeFile.c:1:10: fatal error: 'conio.h' file not found
#include <conio.h>
         ^~~~~~~~~
1 error generated.
ERROR:root:compiler frontend failed to generate LLVM bitcode, halting
make[1]: *** [CMakeFiles/cmTC_d997d.dir/CheckIncludeFile.c.o] Error 1
make: *** [cmTC_d997d/fast] Error 2


Determining if the include file rpc/xdr.h exists failed with the following output:
Change Dir: /Users/csvoss/Repositories/biosynthesis/emscripten-experiment/openbabel/embuild/CMakeFiles/CMakeTmp

Run Build Command:"/usr/bin/make" "cmTC_f1195/fast"
/Library/Developer/CommandLineTools/usr/bin/make -f CMakeFiles/cmTC_f1195.dir/build.make CMakeFiles/cmTC_f1195.dir/build
Building C object CMakeFiles/cmTC_f1195.dir/CheckIncludeFile.c.o
/Users/csvoss/Repositories/emsdk-portable/emscripten/1.37.34/emcc    -s ERROR_ON_UNDEFINED_SYMBOLS=1   -o CMakeFiles/cmTC_f1195.dir/CheckIncludeFile.c.o   -c /Users/csvoss/Repositories/biosynthesis/emscripten-experiment/openbabel/embuild/CMakeFiles/CMakeTmp/CheckIncludeFile.c
/Users/csvoss/Repositories/biosynthesis/emscripten-experiment/openbabel/embuild/CMakeFiles/CMakeTmp/CheckIncludeFile.c:1:10: fatal error: 'rpc/xdr.h' file not found
#include <rpc/xdr.h>
         ^~~~~~~~~~~
1 error generated.
ERROR:root:compiler frontend failed to generate LLVM bitcode, halting
make[1]: *** [CMakeFiles/cmTC_f1195.dir/CheckIncludeFile.c.o] Error 1
make: *** [cmTC_f1195/fast] Error 2


Determining if the sranddev exist failed with the following output:
Change Dir: /Users/csvoss/Repositories/biosynthesis/emscripten-experiment/openbabel/embuild/CMakeFiles/CMakeTmp

Run Build Command:"/usr/bin/make" "cmTC_e09a6/fast"
/Library/Developer/CommandLineTools/usr/bin/make -f CMakeFiles/cmTC_e09a6.dir/build.make CMakeFiles/cmTC_e09a6.dir/build
Building C object CMakeFiles/cmTC_e09a6.dir/CheckSymbolExists.c.o
/Users/csvoss/Repositories/emsdk-portable/emscripten/1.37.34/emcc    -s ERROR_ON_UNDEFINED_SYMBOLS=1   -o CMakeFiles/cmTC_e09a6.dir/CheckSymbolExists.c.o   -c /Users/csvoss/Repositories/biosynthesis/emscripten-experiment/openbabel/embuild/CMakeFiles/CMakeTmp/CheckSymbolExists.c
/Users/csvoss/Repositories/biosynthesis/emscripten-experiment/openbabel/embuild/CMakeFiles/CMakeTmp/CheckSymbolExists.c:8:19: error: use of undeclared identifier 'sranddev'
  return ((int*)(&sranddev))[argc];
                  ^
1 error generated.
ERROR:root:compiler frontend failed to generate LLVM bitcode, halting
make[1]: *** [CMakeFiles/cmTC_e09a6.dir/CheckSymbolExists.c.o] Error 1
make: *** [cmTC_e09a6/fast] Error 2

File /Users/csvoss/Repositories/biosynthesis/emscripten-experiment/openbabel/embuild/CMakeFiles/CMakeTmp/CheckSymbolExists.c:
/* */
#include <stdlib.h>

int main(int argc, char** argv)
{
  (void)argv;
#ifndef sranddev
  return ((int*)(&sranddev))[argc];
#else
  (void)argc;
  return 0;
#endif
}

Determining if the function dlopen exists in the dl failed with the following output:
Change Dir: /Users/csvoss/Repositories/biosynthesis/emscripten-experiment/openbabel/embuild/CMakeFiles/CMakeTmp

Run Build Command:"/usr/bin/make" "cmTC_79cb0/fast"
/Library/Developer/CommandLineTools/usr/bin/make -f CMakeFiles/cmTC_79cb0.dir/build.make CMakeFiles/cmTC_79cb0.dir/build
Building C object CMakeFiles/cmTC_79cb0.dir/CheckFunctionExists.c.o
/Users/csvoss/Repositories/emsdk-portable/emscripten/1.37.34/emcc    -DCHECK_FUNCTION_EXISTS=dlopen -s ERROR_ON_UNDEFINED_SYMBOLS=1   -o CMakeFiles/cmTC_79cb0.dir/CheckFunctionExists.c.o   -c /usr/local/Cellar/cmake/3.6.2/share/cmake/Modules/CheckFunctionExists.c
Linking C executable cmTC_79cb0.js
/usr/local/Cellar/cmake/3.6.2/bin/cmake -E cmake_link_script CMakeFiles/cmTC_79cb0.dir/link.txt --verbose=1
/Users/csvoss/Repositories/emsdk-portable/emscripten/1.37.34/emcc   -DCHECK_FUNCTION_EXISTS=dlopen -s ERROR_ON_UNDEFINED_SYMBOLS=1    @CMakeFiles/cmTC_79cb0.dir/objects1.rsp  -o cmTC_79cb0.js @CMakeFiles/cmTC_79cb0.dir/linklibs.rsp
[0;33mwarning:[0m unexpected number of arguments 0 in call to 'dlopen', should be 1
error: unresolved symbol: $FS
Aborting compilation due to previous errors | undefined
Traceback (most recent call last):
  File "/Users/csvoss/Repositories/emsdk-portable/emscripten/1.37.34/emcc", line 10, in <module>
    python_selector.run(__file__, profile=True)
  File "/Users/csvoss/Repositories/emsdk-portable/emscripten/1.37.34/tools/python_selector.py", line 43, in run
    sys.exit(run_by_import(filename, main) if on_allowed_version() else run_by_subprocess(filename))
  File "/Users/csvoss/Repositories/emsdk-portable/emscripten/1.37.34/tools/python_selector.py", line 13, in run_by_import
    return getattr(importlib.import_module(os.path.basename(filename)), main)()
  File "/Users/csvoss/Repositories/emsdk-portable/emscripten/1.37.34/emcc.py", line 1611, in run
    final = shared.Building.emscripten(final, append_ext=False, extra_args=extra_args)
  File "/Users/csvoss/Repositories/emsdk-portable/emscripten/1.37.34/tools/shared.py", line 2010, in emscripten
    call_emscripten(cmdline)
  File "/Users/csvoss/Repositories/emsdk-portable/emscripten/1.37.34/emscripten.py", line 2392, in _main
    temp_files.run_and_clean(lambda: main(
  File "/Users/csvoss/Repositories/emsdk-portable/emscripten/1.37.34/tools/tempfiles.py", line 93, in run_and_clean
    return func()
  File "/Users/csvoss/Repositories/emsdk-portable/emscripten/1.37.34/emscripten.py", line 2397, in <lambda>
    DEBUG=DEBUG,
  File "/Users/csvoss/Repositories/emsdk-portable/emscripten/1.37.34/emscripten.py", line 2303, in main
    temp_files=temp_files, DEBUG=DEBUG)
  File "/Users/csvoss/Repositories/emsdk-portable/emscripten/1.37.34/emscripten.py", line 99, in emscript
    glue, forwarded_data = compiler_glue(metadata, settings, libraries, compiler_engine, temp_files, DEBUG)
  File "/Users/csvoss/Repositories/emsdk-portable/emscripten/1.37.34/emscripten.py", line 226, in compiler_glue
    glue, forwarded_data = compile_settings(compiler_engine, settings, libraries, temp_files)
  File "/Users/csvoss/Repositories/emsdk-portable/emscripten/1.37.34/emscripten.py", line 541, in compile_settings
    cwd=path_from_root('src'), error_limit=300)
  File "/Users/csvoss/Repositories/emsdk-portable/emscripten/1.37.34/tools/jsrun.py", line 132, in run_js
    raise Exception('Expected the command ' + str(command) + ' to finish with return code ' + str(assert_returncode) + ', but it returned with code ' + str(proc.returncode) + ' instead! Output: ' + str(ret)[:error_limit])
Exception: Expected the command ['/Users/csvoss/Repositories/emsdk-portable/node/8.9.1_64bit/bin/node', '/Users/csvoss/Repositories/emsdk-portable/emscripten/1.37.34/src/compiler.js', '/tmp/tmpXl0tpg.txt', '/Users/csvoss/Repositories/emsdk-portable/emscripten/1.37.34/src/library_pthread_stub.js'] to finish with return code 0, but it returned with code 1 instead! Output: // The Module object: Our interface to the outside world. We import
// and export values on it. There are various ways Module can be used:
// 1. Not defined. We create it here
// 2. A function parameter, function(Module) { ..generated code.. }
// 3. pre-run appended it, var Module = {}; ..generated 
make[1]: *** [cmTC_79cb0.js] Error 1
make: *** [cmTC_79cb0/fast] Error 2


Performing C SOURCE FILE Test SCANDIR_NEEDS_CONST failed with the following output:
Change Dir: /Users/csvoss/Repositories/biosynthesis/emscripten-experiment/openbabel/embuild/CMakeFiles/CMakeTmp

Run Build Command:"/usr/bin/make" "cmTC_97a5e/fast"
/Library/Developer/CommandLineTools/usr/bin/make -f CMakeFiles/cmTC_97a5e.dir/build.make CMakeFiles/cmTC_97a5e.dir/build
Building C object CMakeFiles/cmTC_97a5e.dir/src.c.o
/Users/csvoss/Repositories/emsdk-portable/emscripten/1.37.34/emcc    -DSCANDIR_NEEDS_CONST -Werror   -o CMakeFiles/cmTC_97a5e.dir/src.c.o   -c /Users/csvoss/Repositories/biosynthesis/emscripten-experiment/openbabel/embuild/CMakeFiles/CMakeTmp/src.c
/Users/csvoss/Repositories/biosynthesis/emscripten-experiment/openbabel/embuild/CMakeFiles/CMakeTmp/src.c:7:46: error: incompatible pointer types passing 'int (struct dirent *)' to parameter of type 'int (*)(const struct dirent *)' [-Werror,-Wincompatible-pointer-types]
     int count = scandir ("./", &entries_pp, matchFiles, 0);
                                             ^~~~~~~~~~
/Users/csvoss/Repositories/emsdk-portable/emscripten/1.37.34/system/include/libc/dirent.h:41:52: note: passing argument to parameter here
int scandir(const char *, struct dirent ***, int (*)(const struct dirent *), int (*)(const struct dirent **, const struct dirent **));
                                                   ^
1 error generated.
ERROR:root:compiler frontend failed to generate LLVM bitcode, halting
make[1]: *** [CMakeFiles/cmTC_97a5e.dir/src.c.o] Error 1
make: *** [cmTC_97a5e/fast] Error 2

Source file was:

   #include <sys/types.h>
   #include <dirent.h>
    int main(){
     extern int matchFiles (struct dirent *entry_p);
     struct dirent **entries_pp;
     int count = scandir ("./", &entries_pp, matchFiles, 0);
     return count;
    }
   
Performing C++ SOURCE FILE Test HAVE_STD_TR1_SHARED_PTR failed with the following output:
Change Dir: /Users/csvoss/Repositories/biosynthesis/emscripten-experiment/openbabel/embuild/CMakeFiles/CMakeTmp

Run Build Command:"/usr/bin/make" "cmTC_ed14f/fast"
/Library/Developer/CommandLineTools/usr/bin/make -f CMakeFiles/cmTC_ed14f.dir/build.make CMakeFiles/cmTC_ed14f.dir/build
Building CXX object CMakeFiles/cmTC_ed14f.dir/src.cxx.o
/Users/csvoss/Repositories/emsdk-portable/emscripten/1.37.34/em++     -DHAVE_STD_TR1_SHARED_PTR -Werror   -o CMakeFiles/cmTC_ed14f.dir/src.cxx.o -c /Users/csvoss/Repositories/biosynthesis/emscripten-experiment/openbabel/embuild/CMakeFiles/CMakeTmp/src.cxx
/Users/csvoss/Repositories/biosynthesis/emscripten-experiment/openbabel/embuild/CMakeFiles/CMakeTmp/src.cxx:2:45: error: no member named 'tr1' in namespace 'std'
                           int main(){ std::tr1::shared_ptr<int> p; return 0; }
                                       ~~~~~^
/Users/csvoss/Repositories/biosynthesis/emscripten-experiment/openbabel/embuild/CMakeFiles/CMakeTmp/src.cxx:2:64: error: expected '(' for function-style cast or type construction
                           int main(){ std::tr1::shared_ptr<int> p; return 0; }
                                                            ~~~^
/Users/csvoss/Repositories/biosynthesis/emscripten-experiment/openbabel/embuild/CMakeFiles/CMakeTmp/src.cxx:2:66: error: use of undeclared identifier 'p'
                           int main(){ std::tr1::shared_ptr<int> p; return 0; }
                                                                 ^
3 errors generated.
ERROR:root:compiler frontend failed to generate LLVM bitcode, halting
make[1]: *** [CMakeFiles/cmTC_ed14f.dir/src.cxx.o] Error 1
make: *** [cmTC_ed14f/fast] Error 2

Source file was:
#include <memory>
                           int main(){ std::tr1::shared_ptr<int> p; return 0; }
Performing C++ SOURCE FILE Test HAVE_STD_TR1_SHARED_PTR_IN_TR1_HEADER failed with the following output:
Change Dir: /Users/csvoss/Repositories/biosynthesis/emscripten-experiment/openbabel/embuild/CMakeFiles/CMakeTmp

Run Build Command:"/usr/bin/make" "cmTC_e392c/fast"
/Library/Developer/CommandLineTools/usr/bin/make -f CMakeFiles/cmTC_e392c.dir/build.make CMakeFiles/cmTC_e392c.dir/build
Building CXX object CMakeFiles/cmTC_e392c.dir/src.cxx.o
/Users/csvoss/Repositories/emsdk-portable/emscripten/1.37.34/em++     -DHAVE_STD_TR1_SHARED_PTR_IN_TR1_HEADER -Werror   -o CMakeFiles/cmTC_e392c.dir/src.cxx.o -c /Users/csvoss/Repositories/biosynthesis/emscripten-experiment/openbabel/embuild/CMakeFiles/CMakeTmp/src.cxx
/Users/csvoss/Repositories/biosynthesis/emscripten-experiment/openbabel/embuild/CMakeFiles/CMakeTmp/src.cxx:1:10: fatal error: 'tr1/memory' file not found
#include <tr1/memory>
         ^~~~~~~~~~~~
1 error generated.
ERROR:root:compiler frontend failed to generate LLVM bitcode, halting
make[1]: *** [CMakeFiles/cmTC_e392c.dir/src.cxx.o] Error 1
make: *** [cmTC_e392c/fast] Error 2

Source file was:
#include <tr1/memory>
                           int main(){ std::tr1::shared_ptr<int> p; return 0; }
